<?xml version="1.0" encoding="UTF-8"?>
<testng-results ignored="0" total="1" passed="1" failed="0" skipped="0">
  <reporter-output>
  </reporter-output>
  <suite started-at="2020-11-24T18:44:51 IST" name="Suite" finished-at="2020-11-24T18:44:57 IST" duration-ms="5648">
    <groups>
    </groups>
    <test started-at="2020-11-24T18:44:51 IST" name="Test1" finished-at="2020-11-24T18:44:57 IST" duration-ms="5648">
      <class name="LoginPage">
        <test-method is-config="true" signature="initalize()[pri:0, instance:LoginPage@6955cb39]" started-at="2020-11-24T18:44:51 IST" name="initalize" finished-at="2020-11-24T18:44:56 IST" duration-ms="5311" status="PASS">
          <reporter-output>
          </reporter-output>
        </test-method> <!-- initalize -->
        <test-method signature="TC_1()[pri:0, instance:LoginPage@6955cb39]" started-at="2020-11-24T18:44:56 IST" name="TC_1" finished-at="2020-11-24T18:44:56 IST" duration-ms="235" status="PASS">
          <reporter-output>
          </reporter-output>
        </test-method> <!-- TC_1 -->
        <test-method is-config="true" signature="teardown()[pri:0, instance:LoginPage@6955cb39]" started-at="2020-11-24T18:44:56 IST" name="teardown" finished-at="2020-11-24T18:44:57 IST" duration-ms="71" status="PASS">
          <reporter-output>
          </reporter-output>
        </test-method> <!-- teardown -->
      </class> <!-- LoginPage -->
    </test> <!-- Test1 -->
  </suite> <!-- Suite -->
</testng-results>
